<?xml version="1.0" encoding="UTF-8"?>
<!-- Generated by org.testng.reporters.JUnitReportReporter -->
<testsuite hostname="ws-daniela-10" name="IMDBappium" tests="2" failures="0" timestamp="26 May 2016 07:27:17 GMT" time="0.008" errors="0">
  <testcase name="f" time="0.004" classname="IMDBappium"/>
  <testcase name="f" time="0.004" classname="IMDBappium"/>
</testsuite> <!-- IMDBappium -->
