<?xml version="1.0" encoding="UTF-8"?>
<!-- Generated by org.testng.reporters.JUnitReportReporter -->
<testsuite hostname="ws-daniela-10" name="com.perfecto.testing.WebScenarioParallel" tests="6" failures="0" timestamp="20 Jul 2016 10:52:16 GMT" time="128.026" errors="0">
  <testcase name="geicoInsurance" time="48.290" classname="com.perfecto.testing.WebScenarioParallel"/>
  <testcase name="geicoInsurance" time="36.666" classname="com.perfecto.testing.WebScenarioParallel"/>
  <testcase name="searchGoogle" time="12.748" classname="com.perfecto.testing.WebScenarioParallel"/>
  <testcase name="geicoInsurance" time="19.569" classname="com.perfecto.testing.WebScenarioParallel"/>
  <testcase name="searchGoogle" time="7.500" classname="com.perfecto.testing.WebScenarioParallel"/>
  <testcase name="searchGoogle" time="3.253" classname="com.perfecto.testing.WebScenarioParallel"/>
</testsuite> <!-- com.perfecto.testing.WebScenarioParallel -->
